\BOOKMARK [1][-]{section.1}{Prefacio}{}% 1
\BOOKMARK [1][-]{section.2}{Historia del Documento}{}% 2
\BOOKMARK [1][-]{section.3}{Arquitectura Revisada del Sistema}{}% 3
\BOOKMARK [2][-]{subsection.3.1}{Diagrama de Contexto}{section.3}% 4
\BOOKMARK [2][-]{subsection.3.2}{Diagrama de Arquitectura}{section.3}% 5
\BOOKMARK [2][-]{subsection.3.3}{Enumeraci\363n de M\363dulos}{section.3}% 6
\BOOKMARK [2][-]{subsection.3.4}{Matriz de Requisitos Funcionales y M\363dulos}{section.3}% 7
\BOOKMARK [1][-]{section.4}{M\363dulo de Captura}{}% 8
\BOOKMARK [2][-]{subsection.4.1}{Definici\363n de M\363dulo}{section.4}% 9
\BOOKMARK [2][-]{subsection.4.2}{Declaraciones P\372blicas}{section.4}% 10
\BOOKMARK [3][-]{subsubsection.4.2.1}{Constantes P\372blicas}{subsection.4.2}% 11
\BOOKMARK [3][-]{subsubsection.4.2.2}{Tipos de Datos P\372blicos}{subsection.4.2}% 12
\BOOKMARK [3][-]{subsubsection.4.2.3}{Variables P\372blicos}{subsection.4.2}% 13
\BOOKMARK [2][-]{subsection.4.3}{Funciones P\372blicas}{section.4}% 14
\BOOKMARK [2][-]{subsection.4.4}{Estructuras de Datos}{section.4}% 15
\BOOKMARK [2][-]{subsection.4.5}{Funciones Privadas}{section.4}% 16
\BOOKMARK [2][-]{subsection.4.6}{Dise\361o Detallado de las Funciones}{section.4}% 17
\BOOKMARK [3][-]{subsubsection.4.6.1}{Funci\363n 1}{subsection.4.6}% 18
\BOOKMARK [1][-]{section.5}{M\363dulo de Procesamiento}{}% 19
\BOOKMARK [2][-]{subsection.5.1}{Definici\363n de M\363dulo}{section.5}% 20
\BOOKMARK [2][-]{subsection.5.2}{Declaraciones P\372blicas}{section.5}% 21
\BOOKMARK [3][-]{subsubsection.5.2.1}{Constantes P\372blicas}{subsection.5.2}% 22
\BOOKMARK [3][-]{subsubsection.5.2.2}{Tipos de Datos P\372blicos}{subsection.5.2}% 23
\BOOKMARK [3][-]{subsubsection.5.2.3}{Variables P\372blicos}{subsection.5.2}% 24
\BOOKMARK [2][-]{subsection.5.3}{Funciones P\372blicas}{section.5}% 25
\BOOKMARK [2][-]{subsection.5.4}{Estructuras de Datos}{section.5}% 26
\BOOKMARK [2][-]{subsection.5.5}{Funciones Privadas}{section.5}% 27
\BOOKMARK [2][-]{subsection.5.6}{Dise\361o Detallado de las Funciones}{section.5}% 28
\BOOKMARK [3][-]{subsubsection.5.6.1}{Funci\363n 1}{subsection.5.6}% 29
\BOOKMARK [1][-]{section.6}{M\363dulo de Presentaci\363n}{}% 30
\BOOKMARK [2][-]{subsection.6.1}{Definici\363n de M\363dulo}{section.6}% 31
\BOOKMARK [2][-]{subsection.6.2}{Declaraciones P\372blicas}{section.6}% 32
\BOOKMARK [3][-]{subsubsection.6.2.1}{Constantes P\372blicas}{subsection.6.2}% 33
\BOOKMARK [3][-]{subsubsection.6.2.2}{Tipos de Datos P\372blicos}{subsection.6.2}% 34
\BOOKMARK [3][-]{subsubsection.6.2.3}{Variables P\372blicos}{subsection.6.2}% 35
\BOOKMARK [2][-]{subsection.6.3}{Funciones P\372blicas}{section.6}% 36
\BOOKMARK [2][-]{subsection.6.4}{Estructuras de Datos}{section.6}% 37
\BOOKMARK [2][-]{subsection.6.5}{Funciones Privadas}{section.6}% 38
\BOOKMARK [2][-]{subsection.6.6}{Dise\361o Detallado de las Funciones}{section.6}% 39
\BOOKMARK [3][-]{subsubsection.6.6.1}{Funci\363n 1}{subsection.6.6}% 40
\BOOKMARK [1][-]{subsubsection.6.6.1}{Referencias}{}% 41
